<?xml version="1.0" encoding="UTF-8"?>
<!-- Generated by org.testng.reporters.JUnitReportReporter -->
<testsuite skipped="0" hostname="WIN-Q5PJLV91P1O" name="com.autotest.cases.RegisterTest" tests="5" failures="0" timestamp="29 Feb 2020 16:26:24 GMT" time="0.237" errors="0">
  <testcase name="test_Register" time="0.045" classname="com.autotest.cases.RegisterTest"/>
  <testcase name="test_Register" time="0.042" classname="com.autotest.cases.RegisterTest"/>
  <testcase name="test_Register" time="0.053" classname="com.autotest.cases.RegisterTest"/>
  <testcase name="test_Register" time="0.050" classname="com.autotest.cases.RegisterTest"/>
  <testcase name="test_Register" time="0.047" classname="com.autotest.cases.RegisterTest"/>
</testsuite> <!-- com.autotest.cases.RegisterTest -->
