<?xml version="1.0" encoding="UTF-8"?>
<!-- Generated by org.testng.reporters.JUnitReportReporter -->
<testsuite skipped="0" hostname="WIN-Q5PJLV91P1O" name="com.autotest.cases.WeatherTest" tests="3" failures="0" timestamp="05 Mar 2020 06:37:12 GMT" time="1.187" errors="0">
  <testcase name="test_Weather" time="0.980" classname="com.autotest.cases.WeatherTest"/>
  <testcase name="test_Weather" time="0.105" classname="com.autotest.cases.WeatherTest"/>
  <testcase name="test_Weather" time="0.102" classname="com.autotest.cases.WeatherTest"/>
</testsuite> <!-- com.autotest.cases.WeatherTest -->
