<?xml version="1.0" encoding="UTF-8"?>
<!-- Generated by org.testng.reporters.JUnitReportReporter -->
<testsuite skipped="0" hostname="WIN-Q5PJLV91P1O" name="com.autotest.cases.getUserInfoData" tests="1" failures="0" timestamp="05 Mar 2020 09:05:31 GMT" time="1.221" errors="0">
  <testcase name="getUserInfoData_Test" time="1.221" classname="com.autotest.cases.getUserInfoData"/>
</testsuite> <!-- com.autotest.cases.getUserInfoData -->
