<?xml version="1.0" encoding="UTF-8"?>
<!-- Generated by org.testng.reporters.JUnitReportReporter -->
<testsuite skipped="0" hostname="WIN-Q5PJLV91P1O" name="com.autotest.cases.LoginTest" tests="3" failures="0" timestamp="29 Feb 2020 16:26:24 GMT" time="0.326" errors="0">
  <testcase name="test_Login" time="0.200" classname="com.autotest.cases.LoginTest"/>
  <testcase name="test_Login" time="0.087" classname="com.autotest.cases.LoginTest"/>
  <testcase name="test_Login" time="0.039" classname="com.autotest.cases.LoginTest"/>
</testsuite> <!-- com.autotest.cases.LoginTest -->
