<?xml version="1.0" encoding="UTF-8"?>
<!-- Generated by org.testng.reporters.JUnitReportReporter -->
<testsuite skipped="0" hostname="WIN-Q5PJLV91P1O" name="com.autotest.cases.UserGetListTest" tests="1" failures="0" timestamp="29 Feb 2020 16:26:24 GMT" time="0.065" errors="0">
  <testcase name="test_GetList" time="0.065" classname="com.autotest.cases.UserGetListTest"/>
</testsuite> <!-- com.autotest.cases.UserGetListTest -->
