<?xml version="1.0" encoding="UTF-8"?>
<!-- Generated by org.testng.reporters.JUnitReportReporter -->
<testsuite skipped="0" hostname="WIN-Q5PJLV91P1O" name="com.autotest.cases.Login_by_mobile" tests="2" failures="0" timestamp="05 Mar 2020 09:05:31 GMT" time="1.610" errors="0">
  <testcase name="login_mobile_test" time="1.483" classname="com.autotest.cases.Login_by_mobile"/>
  <testcase name="login_mobile_test" time="0.127" classname="com.autotest.cases.Login_by_mobile"/>
</testsuite> <!-- com.autotest.cases.Login_by_mobile -->
